{"/home/bacancy/Documents/Code/GitHub/HelthPlus/client/src/App.vue": {"path":"/home/bacancy/Documents/Code/GitHub/HelthPlus/client/src/App.vue","statementMap":{"0":{"start":{"line":15,"column":0},"end":{"line":26,"column":null}},"1":{"start":{"line":26,"column":0},"end":{"line":26,"column":null}}},"fnMap":{},"branchMap":{},"s":{"0":0,"1":0},"f":{},"b":{}}
,"/home/bacancy/Documents/Code/GitHub/HelthPlus/client/src/main.js": {"path":"/home/bacancy/Documents/Code/GitHub/HelthPlus/client/src/main.js","statementMap":{"0":{"start":{"line":89,"column":0},"end":{"line":89,"column":13}},"1":{"start":{"line":90,"column":0},"end":{"line":90,"column":22}},"2":{"start":{"line":91,"column":0},"end":{"line":91,"column":18}},"3":{"start":{"line":92,"column":0},"end":{"line":92,"column":16}},"4":{"start":{"line":93,"column":0},"end":{"line":93,"column":20}},"5":{"start":{"line":94,"column":0},"end":{"line":94,"column":18}},"6":{"start":{"line":95,"column":0},"end":{"line":95,"column":15}},"7":{"start":{"line":96,"column":0},"end":{"line":96,"column":17}},"8":{"start":{"line":97,"column":0},"end":{"line":97,"column":13}},"9":{"start":{"line":98,"column":0},"end":{"line":98,"column":13}},"10":{"start":{"line":99,"column":0},"end":{"line":99,"column":18}},"11":{"start":{"line":100,"column":0},"end":{"line":100,"column":14}},"12":{"start":{"line":101,"column":0},"end":{"line":101,"column":17}},"13":{"start":{"line":102,"column":0},"end":{"line":102,"column":14}},"14":{"start":{"line":103,"column":0},"end":{"line":103,"column":14}},"15":{"start":{"line":104,"column":0},"end":{"line":104,"column":16}},"16":{"start":{"line":105,"column":0},"end":{"line":105,"column":14}},"17":{"start":{"line":106,"column":0},"end":{"line":106,"column":20}},"18":{"start":{"line":107,"column":0},"end":{"line":107,"column":20}},"19":{"start":{"line":108,"column":0},"end":{"line":108,"column":16}},"20":{"start":{"line":109,"column":0},"end":{"line":109,"column":15}},"21":{"start":{"line":110,"column":0},"end":{"line":110,"column":14}},"22":{"start":{"line":111,"column":0},"end":{"line":111,"column":18}},"23":{"start":{"line":112,"column":0},"end":{"line":112,"column":15}},"24":{"start":{"line":113,"column":0},"end":{"line":113,"column":18}},"25":{"start":{"line":114,"column":0},"end":{"line":114,"column":14}},"26":{"start":{"line":115,"column":0},"end":{"line":115,"column":18}},"27":{"start":{"line":116,"column":0},"end":{"line":116,"column":15}},"28":{"start":{"line":117,"column":0},"end":{"line":117,"column":18}},"29":{"start":{"line":118,"column":0},"end":{"line":118,"column":15}},"30":{"start":{"line":119,"column":0},"end":{"line":119,"column":16}},"31":{"start":{"line":120,"column":0},"end":{"line":120,"column":14}},"32":{"start":{"line":121,"column":0},"end":{"line":121,"column":17}},"33":{"start":{"line":122,"column":0},"end":{"line":122,"column":16}},"34":{"start":{"line":123,"column":0},"end":{"line":123,"column":13}},"35":{"start":{"line":124,"column":0},"end":{"line":124,"column":15}},"36":{"start":{"line":125,"column":0},"end":{"line":125,"column":14}},"37":{"start":{"line":126,"column":0},"end":{"line":126,"column":15}},"38":{"start":{"line":127,"column":0},"end":{"line":127,"column":18}},"39":{"start":{"line":128,"column":0},"end":{"line":128,"column":14}},"40":{"start":{"line":129,"column":0},"end":{"line":129,"column":20}},"41":{"start":{"line":130,"column":0},"end":{"line":130,"column":16}},"42":{"start":{"line":132,"column":0},"end":{"line":132,"column":15}},"43":{"start":{"line":133,"column":0},"end":{"line":133,"column":21}},"44":{"start":{"line":134,"column":0},"end":{"line":134,"column":16}},"45":{"start":{"line":135,"column":0},"end":{"line":135,"column":16}},"46":{"start":{"line":136,"column":0},"end":{"line":136,"column":18}},"47":{"start":{"line":137,"column":0},"end":{"line":137,"column":20}},"48":{"start":{"line":138,"column":0},"end":{"line":138,"column":20}},"49":{"start":{"line":139,"column":0},"end":{"line":139,"column":16}},"50":{"start":{"line":140,"column":0},"end":{"line":140,"column":22}},"51":{"start":{"line":141,"column":0},"end":{"line":141,"column":18}},"52":{"start":{"line":142,"column":0},"end":{"line":142,"column":17}},"53":{"start":{"line":143,"column":0},"end":{"line":143,"column":24}},"54":{"start":{"line":144,"column":0},"end":{"line":144,"column":19}},"55":{"start":{"line":146,"column":0},"end":{"line":146,"column":43}},"56":{"start":{"line":147,"column":0},"end":{"line":147,"column":33}},"57":{"start":{"line":148,"column":0},"end":{"line":148,"column":39}},"58":{"start":{"line":150,"column":0},"end":{"line":150,"column":14}},"59":{"start":{"line":151,"column":0},"end":{"line":151,"column":29}},"60":{"start":{"line":153,"column":0},"end":{"line":153,"column":33}},"61":{"start":{"line":156,"column":0},"end":{"line":156,"column":47}},"62":{"start":{"line":157,"column":0},"end":{"line":157,"column":51}},"63":{"start":{"line":159,"column":14},"end":{"line":159,"column":41}},"64":{"start":{"line":161,"column":0},"end":{"line":165,"column":18}},"65":{"start":{"line":164,"column":17},"end":{"line":164,"column":23}}},"fnMap":{"0":{"name":"(anonymous_0)","decl":{"start":{"line":164,"column":10},"end":{"line":164,"column":11}},"loc":{"start":{"line":164,"column":17},"end":{"line":164,"column":23}},"line":164}},"branchMap":{},"s":{"0":0,"1":0,"2":0,"3":0,"4":0,"5":0,"6":0,"7":0,"8":0,"9":0,"10":0,"11":0,"12":0,"13":0,"14":0,"15":0,"16":0,"17":0,"18":0,"19":0,"20":0,"21":0,"22":0,"23":0,"24":0,"25":0,"26":0,"27":0,"28":0,"29":0,"30":0,"31":0,"32":0,"33":0,"34":0,"35":0,"36":0,"37":0,"38":0,"39":0,"40":0,"41":0,"42":0,"43":0,"44":0,"45":0,"46":0,"47":0,"48":0,"49":0,"50":0,"51":0,"52":0,"53":0,"54":0,"55":0,"56":0,"57":0,"58":0,"59":0,"60":0,"61":0,"62":0,"63":0,"64":0,"65":0},"f":{"0":0},"b":{}}
,"/home/bacancy/Documents/Code/GitHub/HelthPlus/client/src/router.js": {"path":"/home/bacancy/Documents/Code/GitHub/HelthPlus/client/src/router.js","statementMap":{"0":{"start":{"line":5,"column":0},"end":{"line":5,"column":18}},"1":{"start":{"line":7,"column":13},"end":{"line":53,"column":1}},"2":{"start":{"line":11,"column":21},"end":{"line":11,"column":46}},"3":{"start":{"line":27,"column":6},"end":{"line":27,"column":73}},"4":{"start":{"line":37,"column":21},"end":{"line":37,"column":50}},"5":{"start":{"line":45,"column":21},"end":{"line":45,"column":48}},"6":{"start":{"line":51,"column":21},"end":{"line":51,"column":56}},"7":{"start":{"line":58,"column":2},"end":{"line":58,"column":32}},"8":{"start":{"line":59,"column":2},"end":{"line":59,"column":51}},"9":{"start":{"line":61,"column":2},"end":{"line":65,"column":3}},"10":{"start":{"line":62,"column":4},"end":{"line":64,"column":6}},"11":{"start":{"line":63,"column":6},"end":{"line":63,"column":53}},"12":{"start":{"line":66,"column":2},"end":{"line":66,"column":15}},"13":{"start":{"line":69,"column":0},"end":{"line":69,"column":56}},"14":{"start":{"line":69,"column":31},"end":{"line":69,"column":54}},"15":{"start":{"line":71,"column":15},"end":{"line":88,"column":2}},"16":{"start":{"line":76,"column":4},"end":{"line":81,"column":5}},"17":{"start":{"line":77,"column":6},"end":{"line":80,"column":8}},"18":{"start":{"line":82,"column":4},"end":{"line":86,"column":6}},"19":{"start":{"line":90,"column":0},"end":{"line":114,"column":3}},"20":{"start":{"line":91,"column":21},"end":{"line":91,"column":74}},"21":{"start":{"line":91,"column":49},"end":{"line":91,"column":73}},"22":{"start":{"line":92,"column":21},"end":{"line":92,"column":74}},"23":{"start":{"line":92,"column":49},"end":{"line":92,"column":73}},"24":{"start":{"line":94,"column":12},"end":{"line":94,"column":22}},"25":{"start":{"line":96,"column":2},"end":{"line":100,"column":3}},"26":{"start":{"line":97,"column":4},"end":{"line":99,"column":25}},"27":{"start":{"line":98,"column":6},"end":{"line":98,"column":32}},"28":{"start":{"line":99,"column":11},"end":{"line":99,"column":25}},"29":{"start":{"line":102,"column":2},"end":{"line":111,"column":3}},"30":{"start":{"line":103,"column":4},"end":{"line":110,"column":5}},"31":{"start":{"line":104,"column":6},"end":{"line":104,"column":20}},"32":{"start":{"line":106,"column":6},"end":{"line":109,"column":9}},"33":{"start":{"line":113,"column":2},"end":{"line":113,"column":16}}},"fnMap":{"0":{"name":"(anonymous_0)","decl":{"start":{"line":11,"column":15},"end":{"line":11,"column":16}},"loc":{"start":{"line":11,"column":21},"end":{"line":11,"column":46}},"line":11},"1":{"name":"(anonymous_1)","decl":{"start":{"line":26,"column":15},"end":{"line":26,"column":16}},"loc":{"start":{"line":27,"column":6},"end":{"line":27,"column":73}},"line":27},"2":{"name":"(anonymous_2)","decl":{"start":{"line":37,"column":15},"end":{"line":37,"column":16}},"loc":{"start":{"line":37,"column":21},"end":{"line":37,"column":50}},"line":37},"3":{"name":"(anonymous_3)","decl":{"start":{"line":45,"column":15},"end":{"line":45,"column":16}},"loc":{"start":{"line":45,"column":21},"end":{"line":45,"column":48}},"line":45},"4":{"name":"(anonymous_4)","decl":{"start":{"line":51,"column":15},"end":{"line":51,"column":16}},"loc":{"start":{"line":51,"column":21},"end":{"line":51,"column":56}},"line":51},"5":{"name":"addLayoutToRoute","decl":{"start":{"line":57,"column":9},"end":{"line":57,"column":25}},"loc":{"start":{"line":57,"column":59},"end":{"line":67,"column":1}},"line":57},"6":{"name":"(anonymous_6)","decl":{"start":{"line":62,"column":40},"end":{"line":62,"column":41}},"loc":{"start":{"line":63,"column":6},"end":{"line":63,"column":53}},"line":63},"7":{"name":"(anonymous_7)","decl":{"start":{"line":69,"column":20},"end":{"line":69,"column":21}},"loc":{"start":{"line":69,"column":31},"end":{"line":69,"column":54}},"line":69},"8":{"name":"(anonymous_8)","decl":{"start":{"line":75,"column":2},"end":{"line":75,"column":3}},"loc":{"start":{"line":75,"column":42},"end":{"line":87,"column":3}},"line":75},"9":{"name":"(anonymous_9)","decl":{"start":{"line":90,"column":18},"end":{"line":90,"column":19}},"loc":{"start":{"line":90,"column":44},"end":{"line":114,"column":1}},"line":90},"10":{"name":"(anonymous_10)","decl":{"start":{"line":91,"column":37},"end":{"line":91,"column":38}},"loc":{"start":{"line":91,"column":49},"end":{"line":91,"column":73}},"line":91},"11":{"name":"(anonymous_11)","decl":{"start":{"line":92,"column":37},"end":{"line":92,"column":38}},"loc":{"start":{"line":92,"column":49},"end":{"line":92,"column":73}},"line":92}},"branchMap":{"0":{"loc":{"start":{"line":57,"column":33},"end":{"line":57,"column":57}},"type":"default-arg","locations":[{"start":{"line":57,"column":48},"end":{"line":57,"column":57}}],"line":57},"1":{"loc":{"start":{"line":58,"column":15},"end":{"line":58,"column":31}},"type":"binary-expr","locations":[{"start":{"line":58,"column":15},"end":{"line":58,"column":25}},{"start":{"line":58,"column":29},"end":{"line":58,"column":31}}],"line":58},"2":{"loc":{"start":{"line":59,"column":22},"end":{"line":59,"column":50}},"type":"binary-expr","locations":[{"start":{"line":59,"column":22},"end":{"line":59,"column":34}},{"start":{"line":59,"column":38},"end":{"line":59,"column":50}}],"line":59},"3":{"loc":{"start":{"line":61,"column":2},"end":{"line":65,"column":3}},"type":"if","locations":[{"start":{"line":61,"column":2},"end":{"line":65,"column":3}},{"start":{},"end":{}}],"line":61},"4":{"loc":{"start":{"line":76,"column":4},"end":{"line":81,"column":5}},"type":"if","locations":[{"start":{"line":76,"column":4},"end":{"line":81,"column":5}},{"start":{},"end":{}}],"line":76},"5":{"loc":{"start":{"line":96,"column":2},"end":{"line":100,"column":3}},"type":"if","locations":[{"start":{"line":96,"column":2},"end":{"line":100,"column":3}},{"start":{},"end":{}}],"line":96},"6":{"loc":{"start":{"line":97,"column":4},"end":{"line":99,"column":25}},"type":"if","locations":[{"start":{"line":97,"column":4},"end":{"line":99,"column":25}},{"start":{"line":99,"column":11},"end":{"line":99,"column":25}}],"line":97},"7":{"loc":{"start":{"line":102,"column":2},"end":{"line":111,"column":3}},"type":"if","locations":[{"start":{"line":102,"column":2},"end":{"line":111,"column":3}},{"start":{},"end":{}}],"line":102},"8":{"loc":{"start":{"line":103,"column":4},"end":{"line":110,"column":5}},"type":"if","locations":[{"start":{"line":103,"column":4},"end":{"line":110,"column":5}},{"start":{"line":105,"column":11},"end":{"line":110,"column":5}}],"line":103}},"s":{"0":0,"1":0,"2":0,"3":0,"4":0,"5":0,"6":0,"7":0,"8":0,"9":0,"10":0,"11":0,"12":0,"13":0,"14":0,"15":0,"16":0,"17":0,"18":0,"19":0,"20":0,"21":0,"22":0,"23":0,"24":0,"25":0,"26":0,"27":0,"28":0,"29":0,"30":0,"31":0,"32":0,"33":0},"f":{"0":0,"1":0,"2":0,"3":0,"4":0,"5":0,"6":0,"7":0,"8":0,"9":0,"10":0,"11":0},"b":{"0":[0],"1":[0,0],"2":[0,0],"3":[0,0],"4":[0,0],"5":[0,0],"6":[0,0],"7":[0,0],"8":[0,0]}}
,"/home/bacancy/Documents/Code/GitHub/HelthPlus/client/src/components/Footers/DashboardFooter.vue": {"path":"/home/bacancy/Documents/Code/GitHub/HelthPlus/client/src/components/Footers/DashboardFooter.vue","statementMap":{"0":{"start":{"line":36,"column":0},"end":{"line":44,"column":null}},"1":{"start":{"line":44,"column":0},"end":{"line":44,"column":null}}},"fnMap":{},"branchMap":{},"s":{"0":0,"1":0},"f":{},"b":{}}
,"/home/bacancy/Documents/Code/GitHub/HelthPlus/client/src/components/Footers/DefaultFooter.vue": {"path":"/home/bacancy/Documents/Code/GitHub/HelthPlus/client/src/components/Footers/DefaultFooter.vue","statementMap":{"0":{"start":{"line":68,"column":0},"end":{"line":76,"column":null}},"1":{"start":{"line":76,"column":0},"end":{"line":76,"column":null}}},"fnMap":{},"branchMap":{},"s":{"0":0,"1":0},"f":{},"b":{}}
,"/home/bacancy/Documents/Code/GitHub/HelthPlus/client/src/components/Headers/DashboardHeader.vue": {"path":"/home/bacancy/Documents/Code/GitHub/HelthPlus/client/src/components/Headers/DashboardHeader.vue","statementMap":{"0":{"start":{"line":86,"column":0},"end":{"line":86,"column":null}},"1":{"start":{"line":88,"column":0},"end":{"line":96,"column":null}},"2":{"start":{"line":97,"column":0},"end":{"line":167,"column":null}},"3":{"start":{"line":167,"column":0},"end":{"line":167,"column":null}}},"fnMap":{},"branchMap":{},"s":{"0":0,"1":0,"2":0,"3":0},"f":{},"b":{}}
,"/home/bacancy/Documents/Code/GitHub/HelthPlus/client/src/components/Headers/DefaultHeader.vue": {"path":"/home/bacancy/Documents/Code/GitHub/HelthPlus/client/src/components/Headers/DefaultHeader.vue","statementMap":{"0":{"start":{"line":12,"column":0},"end":{"line":23,"column":null}},"1":{"start":{"line":23,"column":0},"end":{"line":23,"column":null}}},"fnMap":{},"branchMap":{},"s":{"0":0,"1":0},"f":{},"b":{}}
,"/home/bacancy/Documents/Code/GitHub/HelthPlus/client/src/components/Sidebars/DashboardSidebar.vue": {"path":"/home/bacancy/Documents/Code/GitHub/HelthPlus/client/src/components/Sidebars/DashboardSidebar.vue","statementMap":{"0":{"start":{"line":51,"column":0},"end":{"line":85,"column":null}},"1":{"start":{"line":85,"column":0},"end":{"line":85,"column":null}}},"fnMap":{},"branchMap":{},"s":{"0":0,"1":0},"f":{},"b":{}}
,"/home/bacancy/Documents/Code/GitHub/HelthPlus/client/src/layouts/Dashboard.vue": {"path":"/home/bacancy/Documents/Code/GitHub/HelthPlus/client/src/layouts/Dashboard.vue","statementMap":{"0":{"start":{"line":66,"column":0},"end":{"line":66,"column":null}},"1":{"start":{"line":67,"column":0},"end":{"line":67,"column":null}},"2":{"start":{"line":68,"column":0},"end":{"line":68,"column":null}},"3":{"start":{"line":63,"column":0},"end":{"line":117,"column":null}},"4":{"start":{"line":117,"column":0},"end":{"line":117,"column":null}}},"fnMap":{},"branchMap":{},"s":{"0":0,"1":0,"2":0,"3":0,"4":0},"f":{},"b":{}}
,"/home/bacancy/Documents/Code/GitHub/HelthPlus/client/src/layouts/Default.vue": {"path":"/home/bacancy/Documents/Code/GitHub/HelthPlus/client/src/layouts/Default.vue","statementMap":{"0":{"start":{"line":34,"column":0},"end":{"line":34,"column":null}},"1":{"start":{"line":35,"column":0},"end":{"line":35,"column":null}},"2":{"start":{"line":31,"column":0},"end":{"line":52,"column":null}},"3":{"start":{"line":52,"column":0},"end":{"line":52,"column":null}}},"fnMap":{},"branchMap":{},"s":{"0":0,"1":0,"2":0,"3":0},"f":{},"b":{}}
,"/home/bacancy/Documents/Code/GitHub/HelthPlus/client/src/services/auth.js": {"path":"/home/bacancy/Documents/Code/GitHub/HelthPlus/client/src/services/auth.js","statementMap":{"0":{"start":{"line":7,"column":4},"end":{"line":10,"column":6}},"1":{"start":{"line":12,"column":4},"end":{"line":12,"column":61}},"2":{"start":{"line":14,"column":4},"end":{"line":14,"column":71}},"3":{"start":{"line":19,"column":4},"end":{"line":19,"column":24}},"4":{"start":{"line":23,"column":4},"end":{"line":23,"column":24}},"5":{"start":{"line":27,"column":4},"end":{"line":27,"column":23}},"6":{"start":{"line":30,"column":4},"end":{"line":35,"column":5}},"7":{"start":{"line":31,"column":27},"end":{"line":31,"column":58}},"8":{"start":{"line":32,"column":6},"end":{"line":32,"column":36}},"9":{"start":{"line":34,"column":6},"end":{"line":34,"column":18}},"10":{"start":{"line":40,"column":4},"end":{"line":40,"column":51}},"11":{"start":{"line":41,"column":4},"end":{"line":41,"column":50}},"12":{"start":{"line":42,"column":4},"end":{"line":42,"column":22}},"13":{"start":{"line":46,"column":4},"end":{"line":46,"column":55}},"14":{"start":{"line":47,"column":4},"end":{"line":49,"column":5}},"15":{"start":{"line":48,"column":6},"end":{"line":48,"column":71}},"16":{"start":{"line":51,"column":4},"end":{"line":51,"column":23}},"17":{"start":{"line":52,"column":4},"end":{"line":52,"column":21}},"18":{"start":{"line":60,"column":4},"end":{"line":60,"column":50}},"19":{"start":{"line":61,"column":4},"end":{"line":61,"column":69}},"20":{"start":{"line":62,"column":4},"end":{"line":62,"column":21}},"21":{"start":{"line":63,"column":4},"end":{"line":63,"column":22}}},"fnMap":{"0":{"name":"(anonymous_0)","decl":{"start":{"line":5,"column":2},"end":{"line":5,"column":3}},"loc":{"start":{"line":5,"column":16},"end":{"line":16,"column":3}},"line":5},"1":{"name":"(anonymous_1)","decl":{"start":{"line":18,"column":2},"end":{"line":18,"column":3}},"loc":{"start":{"line":18,"column":10},"end":{"line":20,"column":3}},"line":18},"2":{"name":"(anonymous_2)","decl":{"start":{"line":22,"column":2},"end":{"line":22,"column":3}},"loc":{"start":{"line":22,"column":10},"end":{"line":24,"column":3}},"line":22},"3":{"name":"(anonymous_3)","decl":{"start":{"line":26,"column":2},"end":{"line":26,"column":3}},"loc":{"start":{"line":26,"column":9},"end":{"line":28,"column":3}},"line":26},"4":{"name":"(anonymous_4)","decl":{"start":{"line":29,"column":2},"end":{"line":29,"column":3}},"loc":{"start":{"line":29,"column":12},"end":{"line":36,"column":3}},"line":29},"5":{"name":"(anonymous_5)","decl":{"start":{"line":38,"column":2},"end":{"line":38,"column":3}},"loc":{"start":{"line":38,"column":11},"end":{"line":43,"column":3}},"line":38},"6":{"name":"(anonymous_6)","decl":{"start":{"line":45,"column":2},"end":{"line":45,"column":3}},"loc":{"start":{"line":45,"column":42},"end":{"line":57,"column":3}},"line":45},"7":{"name":"(anonymous_7)","decl":{"start":{"line":59,"column":2},"end":{"line":59,"column":3}},"loc":{"start":{"line":59,"column":16},"end":{"line":64,"column":3}},"line":59}},"branchMap":{"0":{"loc":{"start":{"line":30,"column":4},"end":{"line":35,"column":5}},"type":"if","locations":[{"start":{"line":30,"column":4},"end":{"line":35,"column":5}},{"start":{"line":33,"column":11},"end":{"line":35,"column":5}}],"line":30},"1":{"loc":{"start":{"line":45,"column":25},"end":{"line":45,"column":40}},"type":"default-arg","locations":[{"start":{"line":45,"column":36},"end":{"line":45,"column":40}}],"line":45},"2":{"loc":{"start":{"line":47,"column":4},"end":{"line":49,"column":5}},"type":"if","locations":[{"start":{"line":47,"column":4},"end":{"line":49,"column":5}},{"start":{},"end":{}}],"line":47}},"s":{"0":1,"1":1,"2":1,"3":0,"4":0,"5":0,"6":0,"7":0,"8":0,"9":0,"10":0,"11":0,"12":0,"13":3,"14":3,"15":3,"16":3,"17":3,"18":0,"19":0,"20":0,"21":0},"f":{"0":1,"1":0,"2":0,"3":0,"4":0,"5":0,"6":3,"7":0},"b":{"0":[0,0],"1":[3],"2":[3,0]},"_coverageSchema":"1a1c01bbd47fc00a2c39e90264f33305004495a9","hash":"4c02bb28fed1d454207587d805b3e8e4cf71f3f2"}
,"/home/bacancy/Documents/Code/GitHub/HelthPlus/client/src/services/axios.js": {"path":"/home/bacancy/Documents/Code/GitHub/HelthPlus/client/src/services/axios.js","statementMap":{"0":{"start":{"line":9,"column":15},"end":{"line":11,"column":1}},"1":{"start":{"line":18,"column":15},"end":{"line":18,"column":35}},"2":{"start":{"line":25,"column":24},"end":{"line":31,"column":1}},"3":{"start":{"line":26,"column":2},"end":{"line":28,"column":3}},"4":{"start":{"line":27,"column":4},"end":{"line":27,"column":66}},"5":{"start":{"line":29,"column":2},"end":{"line":29,"column":55}},"6":{"start":{"line":30,"column":2},"end":{"line":30,"column":17}},"7":{"start":{"line":38,"column":26},"end":{"line":41,"column":1}},"8":{"start":{"line":40,"column":2},"end":{"line":40,"column":17}},"9":{"start":{"line":44,"column":0},"end":{"line":44,"column":49}},"10":{"start":{"line":48,"column":0},"end":{"line":70,"column":2}},"11":{"start":{"line":50,"column":4},"end":{"line":50,"column":37}},"12":{"start":{"line":53,"column":4},"end":{"line":53,"column":32}},"13":{"start":{"line":57,"column":25},"end":{"line":57,"column":75}},"14":{"start":{"line":58,"column":4},"end":{"line":65,"column":5}},"15":{"start":{"line":59,"column":6},"end":{"line":64,"column":25}},"16":{"start":{"line":67,"column":4},"end":{"line":67,"column":16}}},"fnMap":{"0":{"name":"(anonymous_0)","decl":{"start":{"line":25,"column":24},"end":{"line":25,"column":25}},"loc":{"start":{"line":25,"column":37},"end":{"line":31,"column":1}},"line":25},"1":{"name":"(anonymous_1)","decl":{"start":{"line":38,"column":26},"end":{"line":38,"column":27}},"loc":{"start":{"line":38,"column":39},"end":{"line":41,"column":1}},"line":38},"2":{"name":"(anonymous_2)","decl":{"start":{"line":49,"column":2},"end":{"line":49,"column":3}},"loc":{"start":{"line":49,"column":16},"end":{"line":51,"column":3}},"line":49},"3":{"name":"(anonymous_3)","decl":{"start":{"line":52,"column":2},"end":{"line":52,"column":3}},"loc":{"start":{"line":52,"column":13},"end":{"line":69,"column":3}},"line":52}},"branchMap":{"0":{"loc":{"start":{"line":26,"column":2},"end":{"line":28,"column":3}},"type":"if","locations":[{"start":{"line":26,"column":2},"end":{"line":28,"column":3}},{"start":{},"end":{}}],"line":26},"1":{"loc":{"start":{"line":57,"column":25},"end":{"line":57,"column":75}},"type":"binary-expr","locations":[{"start":{"line":57,"column":25},"end":{"line":57,"column":44}},{"start":{"line":57,"column":48},"end":{"line":57,"column":75}}],"line":57},"2":{"loc":{"start":{"line":58,"column":4},"end":{"line":65,"column":5}},"type":"if","locations":[{"start":{"line":58,"column":4},"end":{"line":65,"column":5}},{"start":{},"end":{}}],"line":58},"3":{"loc":{"start":{"line":60,"column":8},"end":{"line":64,"column":24}},"type":"cond-expr","locations":[{"start":{"line":61,"column":12},"end":{"line":63,"column":16}},{"start":{"line":64,"column":12},"end":{"line":64,"column":24}}],"line":60}},"s":{"0":1,"1":1,"2":1,"3":0,"4":0,"5":0,"6":0,"7":1,"8":0,"9":1,"10":1,"11":0,"12":0,"13":0,"14":0,"15":0,"16":0},"f":{"0":0,"1":0,"2":0,"3":0},"b":{"0":[0,0],"1":[0,0],"2":[0,0],"3":[0,0]},"_coverageSchema":"1a1c01bbd47fc00a2c39e90264f33305004495a9","hash":"f91c5805f6efb3345c757c251e13c2b4a6a98723"}
,"/home/bacancy/Documents/Code/GitHub/HelthPlus/client/src/store/index.js": {"path":"/home/bacancy/Documents/Code/GitHub/HelthPlus/client/src/store/index.js","statementMap":{"0":{"start":{"line":12,"column":6},"end":{"line":12,"column":24}},"1":{"start":{"line":15,"column":6},"end":{"line":15,"column":38}},"2":{"start":{"line":20,"column":23},"end":{"line":26,"column":7}},"3":{"start":{"line":28,"column":6},"end":{"line":28,"column":23}},"4":{"start":{"line":30,"column":6},"end":{"line":30,"column":35}},"5":{"start":{"line":34,"column":23},"end":{"line":40,"column":7}},"6":{"start":{"line":42,"column":6},"end":{"line":42,"column":23}},"7":{"start":{"line":44,"column":6},"end":{"line":44,"column":35}},"8":{"start":{"line":48,"column":23},"end":{"line":48,"column":55}},"9":{"start":{"line":49,"column":6},"end":{"line":49,"column":37}},"10":{"start":{"line":53,"column":6},"end":{"line":53,"column":63}},"11":{"start":{"line":54,"column":6},"end":{"line":54,"column":33}},"12":{"start":{"line":58,"column":6},"end":{"line":58,"column":79}},"13":{"start":{"line":59,"column":6},"end":{"line":59,"column":33}},"14":{"start":{"line":63,"column":6},"end":{"line":63,"column":51}},"15":{"start":{"line":64,"column":6},"end":{"line":64,"column":33}}},"fnMap":{"0":{"name":"(anonymous_0)","decl":{"start":{"line":11,"column":4},"end":{"line":11,"column":5}},"loc":{"start":{"line":11,"column":25},"end":{"line":13,"column":5}},"line":11},"1":{"name":"(anonymous_1)","decl":{"start":{"line":14,"column":4},"end":{"line":14,"column":5}},"loc":{"start":{"line":14,"column":39},"end":{"line":16,"column":5}},"line":14},"2":{"name":"(anonymous_2)","decl":{"start":{"line":19,"column":4},"end":{"line":19,"column":5}},"loc":{"start":{"line":19,"column":34},"end":{"line":31,"column":5}},"line":19},"3":{"name":"(anonymous_3)","decl":{"start":{"line":33,"column":4},"end":{"line":33,"column":5}},"loc":{"start":{"line":33,"column":42},"end":{"line":45,"column":5}},"line":33},"4":{"name":"(anonymous_4)","decl":{"start":{"line":47,"column":4},"end":{"line":47,"column":5}},"loc":{"start":{"line":47,"column":37},"end":{"line":50,"column":5}},"line":47},"5":{"name":"(anonymous_5)","decl":{"start":{"line":52,"column":4},"end":{"line":52,"column":5}},"loc":{"start":{"line":52,"column":59},"end":{"line":55,"column":5}},"line":52},"6":{"name":"(anonymous_6)","decl":{"start":{"line":57,"column":4},"end":{"line":57,"column":5}},"loc":{"start":{"line":57,"column":62},"end":{"line":60,"column":5}},"line":57},"7":{"name":"(anonymous_7)","decl":{"start":{"line":62,"column":4},"end":{"line":62,"column":5}},"loc":{"start":{"line":62,"column":57},"end":{"line":65,"column":5}},"line":62}},"branchMap":{"0":{"loc":{"start":{"line":21,"column":12},"end":{"line":21,"column":58}},"type":"cond-expr","locations":[{"start":{"line":21,"column":36},"end":{"line":21,"column":48}},{"start":{"line":21,"column":51},"end":{"line":21,"column":58}}],"line":21}},"s":{"0":4,"1":5,"2":2,"3":2,"4":2,"5":1,"6":1,"7":1,"8":4,"9":4,"10":1,"11":1,"12":1,"13":1,"14":1,"15":1},"f":{"0":4,"1":5,"2":2,"3":1,"4":4,"5":1,"6":1,"7":1},"b":{"0":[1,1]},"_coverageSchema":"1a1c01bbd47fc00a2c39e90264f33305004495a9","hash":"4639a85c84083687ec2101da078dea26721b2d2c"}
,"/home/bacancy/Documents/Code/GitHub/HelthPlus/client/src/views/Dashboard.vue": {"path":"/home/bacancy/Documents/Code/GitHub/HelthPlus/client/src/views/Dashboard.vue","statementMap":{"0":{"start":{"line":91,"column":0},"end":{"line":91,"column":null}},"1":{"start":{"line":89,"column":0},"end":{"line":258,"column":null}},"2":{"start":{"line":258,"column":0},"end":{"line":258,"column":null}}},"fnMap":{},"branchMap":{},"s":{"0":1,"1":1,"2":1},"f":{},"b":{}}
,"/home/bacancy/Documents/Code/GitHub/HelthPlus/client/src/views/Login.vue": {"path":"/home/bacancy/Documents/Code/GitHub/HelthPlus/client/src/views/Login.vue","statementMap":{"0":{"start":{"line":56,"column":0},"end":{"line":56,"column":null}},"1":{"start":{"line":54,"column":0},"end":{"line":86,"column":null}},"2":{"start":{"line":86,"column":0},"end":{"line":86,"column":null}}},"fnMap":{},"branchMap":{},"s":{"0":1,"1":1,"2":1},"f":{},"b":{}}
,"/home/bacancy/Documents/Code/GitHub/HelthPlus/client/src/views/Profile.vue": {"path":"/home/bacancy/Documents/Code/GitHub/HelthPlus/client/src/views/Profile.vue","statementMap":{"0":{"start":{"line":110,"column":0},"end":{"line":110,"column":null}},"1":{"start":{"line":111,"column":0},"end":{"line":111,"column":null}},"2":{"start":{"line":112,"column":0},"end":{"line":112,"column":null}},"3":{"start":{"line":113,"column":0},"end":{"line":113,"column":null}},"4":{"start":{"line":108,"column":0},"end":{"line":180,"column":null}},"5":{"start":{"line":180,"column":0},"end":{"line":180,"column":null}}},"fnMap":{},"branchMap":{},"s":{"0":0,"1":0,"2":0,"3":0,"4":0,"5":0},"f":{},"b":{}}
,"/home/bacancy/Documents/Code/GitHub/HelthPlus/client/src/views/ResetPassword.vue": {"path":"/home/bacancy/Documents/Code/GitHub/HelthPlus/client/src/views/ResetPassword.vue","statementMap":{"0":{"start":{"line":53,"column":0},"end":{"line":53,"column":null}},"1":{"start":{"line":51,"column":0},"end":{"line":83,"column":null}},"2":{"start":{"line":83,"column":0},"end":{"line":83,"column":null}}},"fnMap":{},"branchMap":{},"s":{"0":1,"1":1,"2":1},"f":{},"b":{}}
}
