TN:
SF:src/App.vue
FNF:0
FNH:0
DA:15,0
DA:26,0
LF:2
LH:0
BRF:0
BRH:0
end_of_record
TN:
SF:src/main.js
FN:164,(anonymous_0)
FNF:1
FNH:0
FNDA:0,(anonymous_0)
DA:89,0
DA:90,0
DA:91,0
DA:92,0
DA:93,0
DA:94,0
DA:95,0
DA:96,0
DA:97,0
DA:98,0
DA:99,0
DA:100,0
DA:101,0
DA:102,0
DA:103,0
DA:104,0
DA:105,0
DA:106,0
DA:107,0
DA:108,0
DA:109,0
DA:110,0
DA:111,0
DA:112,0
DA:113,0
DA:114,0
DA:115,0
DA:116,0
DA:117,0
DA:118,0
DA:119,0
DA:120,0
DA:121,0
DA:122,0
DA:123,0
DA:124,0
DA:125,0
DA:126,0
DA:127,0
DA:128,0
DA:129,0
DA:130,0
DA:132,0
DA:133,0
DA:134,0
DA:135,0
DA:136,0
DA:137,0
DA:138,0
DA:139,0
DA:140,0
DA:141,0
DA:142,0
DA:143,0
DA:144,0
DA:146,0
DA:147,0
DA:148,0
DA:150,0
DA:151,0
DA:153,0
DA:156,0
DA:157,0
DA:159,0
DA:161,0
DA:164,0
LF:66
LH:0
BRF:0
BRH:0
end_of_record
TN:
SF:src/router.js
FN:11,(anonymous_0)
FN:26,(anonymous_1)
FN:37,(anonymous_2)
FN:45,(anonymous_3)
FN:51,(anonymous_4)
FN:57,addLayoutToRoute
FN:62,(anonymous_6)
FN:69,(anonymous_7)
FN:75,(anonymous_8)
FN:90,(anonymous_9)
FN:91,(anonymous_10)
FN:92,(anonymous_11)
FNF:12
FNH:0
FNDA:0,(anonymous_0)
FNDA:0,(anonymous_1)
FNDA:0,(anonymous_2)
FNDA:0,(anonymous_3)
FNDA:0,(anonymous_4)
FNDA:0,addLayoutToRoute
FNDA:0,(anonymous_6)
FNDA:0,(anonymous_7)
FNDA:0,(anonymous_8)
FNDA:0,(anonymous_9)
FNDA:0,(anonymous_10)
FNDA:0,(anonymous_11)
DA:5,0
DA:7,0
DA:11,0
DA:27,0
DA:37,0
DA:45,0
DA:51,0
DA:58,0
DA:59,0
DA:61,0
DA:62,0
DA:63,0
DA:66,0
DA:69,0
DA:71,0
DA:76,0
DA:77,0
DA:82,0
DA:90,0
DA:91,0
DA:92,0
DA:94,0
DA:96,0
DA:97,0
DA:98,0
DA:99,0
DA:102,0
DA:103,0
DA:104,0
DA:106,0
DA:113,0
LF:31
LH:0
BRDA:57,0,0,0
BRDA:58,1,0,0
BRDA:58,1,1,0
BRDA:59,2,0,0
BRDA:59,2,1,0
BRDA:61,3,0,0
BRDA:61,3,1,0
BRDA:76,4,0,0
BRDA:76,4,1,0
BRDA:96,5,0,0
BRDA:96,5,1,0
BRDA:97,6,0,0
BRDA:97,6,1,0
BRDA:102,7,0,0
BRDA:102,7,1,0
BRDA:103,8,0,0
BRDA:103,8,1,0
BRF:17
BRH:0
end_of_record
TN:
SF:src/components/Footers/DashboardFooter.vue
FNF:0
FNH:0
DA:36,0
DA:44,0
LF:2
LH:0
BRF:0
BRH:0
end_of_record
TN:
SF:src/components/Footers/DefaultFooter.vue
FNF:0
FNH:0
DA:68,0
DA:76,0
LF:2
LH:0
BRF:0
BRH:0
end_of_record
TN:
SF:src/components/Headers/DashboardHeader.vue
FNF:0
FNH:0
DA:86,0
DA:88,0
DA:97,0
DA:167,0
LF:4
LH:0
BRF:0
BRH:0
end_of_record
TN:
SF:src/components/Headers/DefaultHeader.vue
FNF:0
FNH:0
DA:12,0
DA:23,0
LF:2
LH:0
BRF:0
BRH:0
end_of_record
TN:
SF:src/components/Sidebars/DashboardSidebar.vue
FNF:0
FNH:0
DA:51,0
DA:85,0
LF:2
LH:0
BRF:0
BRH:0
end_of_record
TN:
SF:src/layouts/Dashboard.vue
FNF:0
FNH:0
DA:63,0
DA:66,0
DA:67,0
DA:68,0
DA:117,0
LF:5
LH:0
BRF:0
BRH:0
end_of_record
TN:
SF:src/layouts/Default.vue
FNF:0
FNH:0
DA:31,0
DA:34,0
DA:35,0
DA:52,0
LF:4
LH:0
BRF:0
BRH:0
end_of_record
TN:
SF:src/services/auth.js
FN:5,(anonymous_0)
FN:18,(anonymous_1)
FN:22,(anonymous_2)
FN:26,(anonymous_3)
FN:29,(anonymous_4)
FN:38,(anonymous_5)
FN:45,(anonymous_6)
FN:59,(anonymous_7)
FNF:8
FNH:2
FNDA:1,(anonymous_0)
FNDA:0,(anonymous_1)
FNDA:0,(anonymous_2)
FNDA:0,(anonymous_3)
FNDA:0,(anonymous_4)
FNDA:0,(anonymous_5)
FNDA:3,(anonymous_6)
FNDA:0,(anonymous_7)
DA:7,1
DA:12,1
DA:14,1
DA:19,0
DA:23,0
DA:27,0
DA:30,0
DA:31,0
DA:32,0
DA:34,0
DA:40,0
DA:41,0
DA:42,0
DA:46,3
DA:47,3
DA:48,3
DA:51,3
DA:52,3
DA:60,0
DA:61,0
DA:62,0
DA:63,0
LF:22
LH:8
BRDA:30,0,0,0
BRDA:30,0,1,0
BRDA:45,1,0,3
BRDA:47,2,0,3
BRDA:47,2,1,0
BRF:5
BRH:2
end_of_record
TN:
SF:src/services/axios.js
FN:25,(anonymous_0)
FN:38,(anonymous_1)
FN:49,(anonymous_2)
FN:52,(anonymous_3)
FNF:4
FNH:0
FNDA:0,(anonymous_0)
FNDA:0,(anonymous_1)
FNDA:0,(anonymous_2)
FNDA:0,(anonymous_3)
DA:9,1
DA:18,1
DA:25,1
DA:26,0
DA:27,0
DA:29,0
DA:30,0
DA:38,1
DA:40,0
DA:44,1
DA:48,1
DA:50,0
DA:53,0
DA:57,0
DA:58,0
DA:59,0
DA:67,0
LF:17
LH:6
BRDA:26,0,0,0
BRDA:26,0,1,0
BRDA:57,1,0,0
BRDA:57,1,1,0
BRDA:58,2,0,0
BRDA:58,2,1,0
BRDA:60,3,0,0
BRDA:60,3,1,0
BRF:8
BRH:0
end_of_record
TN:
SF:src/store/index.js
FN:11,(anonymous_0)
FN:14,(anonymous_1)
FN:19,(anonymous_2)
FN:33,(anonymous_3)
FN:47,(anonymous_4)
FN:52,(anonymous_5)
FN:57,(anonymous_6)
FN:62,(anonymous_7)
FNF:8
FNH:8
FNDA:4,(anonymous_0)
FNDA:5,(anonymous_1)
FNDA:2,(anonymous_2)
FNDA:1,(anonymous_3)
FNDA:4,(anonymous_4)
FNDA:1,(anonymous_5)
FNDA:1,(anonymous_6)
FNDA:1,(anonymous_7)
DA:12,4
DA:15,5
DA:20,2
DA:28,2
DA:30,2
DA:34,1
DA:42,1
DA:44,1
DA:48,4
DA:49,4
DA:53,1
DA:54,1
DA:58,1
DA:59,1
DA:63,1
DA:64,1
LF:16
LH:16
BRDA:21,0,0,1
BRDA:21,0,1,1
BRF:2
BRH:2
end_of_record
TN:
SF:src/views/Dashboard.vue
FNF:0
FNH:0
DA:89,1
DA:91,1
DA:258,1
LF:3
LH:3
BRF:0
BRH:0
end_of_record
TN:
SF:src/views/Login.vue
FNF:0
FNH:0
DA:54,1
DA:56,1
DA:86,1
LF:3
LH:3
BRF:0
BRH:0
end_of_record
TN:
SF:src/views/Profile.vue
FNF:0
FNH:0
DA:108,0
DA:110,0
DA:111,0
DA:112,0
DA:113,0
DA:180,0
LF:6
LH:0
BRF:0
BRH:0
end_of_record
TN:
SF:src/views/ResetPassword.vue
FNF:0
FNH:0
DA:51,1
DA:53,1
DA:83,1
LF:3
LH:3
BRF:0
BRH:0
end_of_record
